[1214/084540.750:ERROR:directory_reader_win.cc(43)] FindFirstFile: The system cannot find the path specified. (0x3)
[1215/093810.544:ERROR:process_reader_win.cc(151)] SuspendThread: Access is denied. (0x5)
[1215/093810.544:ERROR:process_reader_win.cc(151)] SuspendThread: Access is denied. (0x5)
[1215/093810.600:ERROR:process_reader_win.cc(151)] SuspendThread: Access is denied. (0x5)
[1215/093810.632:ERROR:process_reader_win.cc(151)] SuspendThread: Access is denied. (0x5)
[1215/093810.632:ERROR:process_reader_win.cc(151)] SuspendThread: Access is denied. (0x5)
[1215/093810.632:ERROR:process_reader_win.cc(151)] SuspendThread: Access is denied. (0x5)
[1215/093810.632:ERROR:process_reader_win.cc(151)] SuspendThread: Access is denied. (0x5)
[1215/093810.632:ERROR:process_reader_win.cc(151)] SuspendThread: Access is denied. (0x5)
[1215/093810.640:ERROR:process_reader_win.cc(151)] SuspendThread: Access is denied. (0x5)
[1215/093810.640:ERROR:process_reader_win.cc(151)] SuspendThread: Access is denied. (0x5)
[1215/093810.640:ERROR:process_reader_win.cc(151)] SuspendThread: Access is denied. (0x5)
[1215/093810.640:ERROR:process_reader_win.cc(151)] SuspendThread: Access is denied. (0x5)
[1215/093810.640:ERROR:process_reader_win.cc(151)] SuspendThread: Access is denied. (0x5)
[1215/093810.640:ERROR:process_reader_win.cc(151)] SuspendThread: Access is denied. (0x5)
[1215/093810.640:ERROR:process_reader_win.cc(151)] SuspendThread: Access is denied. (0x5)
[1215/093810.640:ERROR:process_reader_win.cc(151)] SuspendThread: Access is denied. (0x5)
[1215/093810.640:ERROR:process_reader_win.cc(151)] SuspendThread: Access is denied. (0x5)
[1215/093810.640:ERROR:process_reader_win.cc(151)] SuspendThread: Access is denied. (0x5)
[1215/093810.640:ERROR:process_reader_win.cc(151)] SuspendThread: Access is denied. (0x5)
[1215/093810.640:ERROR:process_reader_win.cc(151)] SuspendThread: Access is denied. (0x5)
[1215/093810.640:ERROR:process_reader_win.cc(151)] SuspendThread: Access is denied. (0x5)
[1215/093810.640:ERROR:process_reader_win.cc(151)] SuspendThread: Access is denied. (0x5)
[1215/093810.640:ERROR:process_reader_win.cc(151)] SuspendThread: Access is denied. (0x5)
[1215/093810.640:ERROR:process_reader_win.cc(151)] SuspendThread: Access is denied. (0x5)
[1215/093810.640:ERROR:process_reader_win.cc(151)] SuspendThread: Access is denied. (0x5)
[1215/093810.640:ERROR:process_reader_win.cc(151)] SuspendThread: Access is denied. (0x5)
[1215/093810.640:ERROR:exception_snapshot_win.cc(99)] thread ID 13932 not found in process
[1215/093810.871:ERROR:process_info.cc(329)] VirtualQueryEx: Access is denied. (0x5)
[1215/093810.871:ERROR:process_info.cc(329)] VirtualQueryEx: Access is denied. (0x5)
[1215/093810.871:ERROR:process_info.cc(556)] ReadMemoryInfo failed
[1215/093810.871:ERROR:process_info.cc(556)] ReadMemoryInfo failed
[1215/093811.087:ERROR:process_info.cc(329)] VirtualQueryEx: Access is denied. (0x5)
[1215/093811.087:ERROR:process_info.cc(556)] ReadMemoryInfo failed
[1215/093811.087:ERROR:process_info.cc(98)] ReadProcessMemory UNICODE_STRING: Only part of a ReadProcessMemory or WriteProcessMemory request was completed. (0x12B)
[1215/093811.087:ERROR:process_info.cc(118)] ReadProcessMemory bool __cdecl crashpad::(anonymous namespace)::ReadStruct(HANDLE, crashpad::WinVMAddress, T *) [T = crashpad::process_types::LDR_DATA_TABLE_ENTRY<crashpad::process_types::internal::Traits64>]: Only part of a ReadProcessMemory or WriteProcessMemory request was completed. (0x12B)
[1215/093811.103:ERROR:process_reader_win.cc(151)] SuspendThread: Access is denied. (0x5)
[1215/093811.103:ERROR:process_reader_win.cc(151)] SuspendThread: Access is denied. (0x5)
[1215/093811.103:ERROR:process_reader_win.cc(151)] SuspendThread: Access is denied. (0x5)
[1215/093811.103:ERROR:exception_snapshot_win.cc(99)] thread ID 17404 not found in process
[1215/093811.103:ERROR:process_info.cc(329)] VirtualQueryEx: Access is denied. (0x5)
[1215/093811.103:ERROR:process_info.cc(556)] ReadMemoryInfo failed
[1215/093811.103:ERROR:process_info.cc(329)] VirtualQueryEx: Access is denied. (0x5)
[1215/093811.103:ERROR:process_info.cc(556)] ReadMemoryInfo failed
[1215/093811.111:ERROR:process_reader_win.cc(151)] SuspendThread: Access is denied. (0x5)
[1215/093811.111:ERROR:process_reader_win.cc(151)] SuspendThread: Access is denied. (0x5)
[1215/093811.111:ERROR:exception_snapshot_win.cc(99)] thread ID 6648 not found in process
[1215/093811.119:ERROR:process_info.cc(329)] VirtualQueryEx: Access is denied. (0x5)
[1215/093811.119:ERROR:process_info.cc(556)] ReadMemoryInfo failed
[1215/093811.279:ERROR:process_reader_win.cc(151)] SuspendThread: Access is denied. (0x5)
[1215/093811.279:ERROR:process_reader_win.cc(151)] SuspendThread: Access is denied. (0x5)
[1215/093811.279:ERROR:process_reader_win.cc(151)] SuspendThread: Access is denied. (0x5)
[1215/093811.279:ERROR:process_reader_win.cc(151)] SuspendThread: Access is denied. (0x5)
[1215/093811.279:ERROR:process_reader_win.cc(151)] SuspendThread: Access is denied. (0x5)
[1215/093811.279:ERROR:process_reader_win.cc(151)] SuspendThread: Access is denied. (0x5)
[1215/093811.279:ERROR:process_reader_win.cc(151)] SuspendThread: Access is denied. (0x5)
[1215/093811.279:ERROR:process_reader_win.cc(151)] SuspendThread: Access is denied. (0x5)
[1215/093811.279:ERROR:process_reader_win.cc(151)] SuspendThread: Access is denied. (0x5)
[1215/093811.279:ERROR:process_reader_win.cc(151)] SuspendThread: Access is denied. (0x5)
[1215/093811.279:ERROR:exception_snapshot_win.cc(99)] thread ID 15632 not found in process
[1215/093810.544:ERROR:process_reader_win.cc(123)] NtOpenThread: {Access Denied} A process has requested access to an object, but has not been granted those access rights. (0xc0000022)
[1215/093810.632:ERROR:process_reader_win.cc(123)] NtOpenThread: {Access Denied} A process has requested access to an object, but has not been granted those access rights. (0xc0000022)
[1215/093810.640:ERROR:process_reader_win.cc(123)] NtOpenThread: {Access Denied} A process has requested access to an object, but has not been granted those access rights. (0xc0000022)
[1215/093811.287:ERROR:exception_snapshot_win.cc(99)] thread ID 15500 not found in process
[1215/093811.287:ERROR:exception_snapshot_win.cc(99)] thread ID 18580 not found in process
[1215/093811.287:ERROR:exception_snapshot_win.cc(99)] thread ID 18436 not found in process
[1215/093810.376:ERROR:scoped_process_suspend.cc(31)] NtSuspendProcess: An attempt was made to access an exiting process. (0xc000010a)
[1215/093811.103:ERROR:scoped_process_suspend.cc(40)] NtResumeProcess: An attempt was made to access an exiting process. (0xc000010a)
[1215/093810.376:ERROR:scoped_process_suspend.cc(31)] NtSuspendProcess: An attempt was made to access an exiting process. (0xc000010a)
[1215/093810.871:ERROR:scoped_process_suspend.cc(40)] NtResumeProcess: An attempt was made to access an exiting process. (0xc000010a)
[1215/093811.103:ERROR:scoped_process_suspend.cc(40)] NtResumeProcess: An attempt was made to access an exiting process. (0xc000010a)
[1215/093811.119:ERROR:scoped_process_suspend.cc(40)] NtResumeProcess: An attempt was made to access an exiting process. (0xc000010a)
[1215/093810.871:ERROR:scoped_process_suspend.cc(40)] NtResumeProcess: An attempt was made to access an exiting process. (0xc000010a)
[1215/093811.087:ERROR:scoped_process_suspend.cc(40)] NtResumeProcess: An attempt was made to access an exiting process. (0xc000010a)
[1215/093810.408:ERROR:scoped_process_suspend.cc(31)] NtSuspendProcess: An attempt was made to access an exiting process. (0xc000010a)
[1215/093811.295:ERROR:process_info.cc(118)] ReadProcessMemory bool __cdecl crashpad::(anonymous namespace)::ReadStruct(HANDLE, crashpad::WinVMAddress, T *) [T = crashpad::process_types::PEB<crashpad::process_types::internal::Traits64>]: Only part of a ReadProcessMemory or WriteProcessMemory request was completed. (0x12B)
[1215/093811.295:ERROR:process_info.cc(551)] ReadProcessData failed
[1215/093811.295:ERROR:process_info.cc(118)] ReadProcessMemory bool __cdecl crashpad::(anonymous namespace)::ReadStruct(HANDLE, crashpad::WinVMAddress, T *) [T = crashpad::process_types::PEB<crashpad::process_types::internal::Traits64>]: Only part of a ReadProcessMemory or WriteProcessMemory request was completed. (0x12B)
[1215/093811.295:ERROR:process_info.cc(551)] ReadProcessData failed
[1215/093811.295:ERROR:process_info.cc(118)] ReadProcessMemory bool __cdecl crashpad::(anonymous namespace)::ReadStruct(HANDLE, crashpad::WinVMAddress, T *) [T = crashpad::process_types::PEB<crashpad::process_types::internal::Traits64>]: Only part of a ReadProcessMemory or WriteProcessMemory request was completed. (0x12B)
[1215/093811.295:ERROR:process_info.cc(551)] ReadProcessData failed
[1215/093811.324:ERROR:process_reader_win.cc(151)] SuspendThread: Access is denied. (0x5)
[1215/093811.324:ERROR:process_reader_win.cc(151)] SuspendThread: Access is denied. (0x5)
[1215/093811.324:ERROR:process_reader_win.cc(151)] SuspendThread: Access is denied. (0x5)
[1215/093811.324:ERROR:process_reader_win.cc(151)] SuspendThread: Access is denied. (0x5)
[1215/093811.324:ERROR:process_reader_win.cc(151)] SuspendThread: Access is denied. (0x5)
[1215/093811.324:ERROR:process_reader_win.cc(151)] SuspendThread: Access is denied. (0x5)
[1215/093811.324:ERROR:process_reader_win.cc(151)] SuspendThread: Access is denied. (0x5)
[1215/093811.324:ERROR:process_reader_win.cc(151)] SuspendThread: Access is denied. (0x5)
[1215/093811.324:ERROR:process_reader_win.cc(151)] SuspendThread: Access is denied. (0x5)
[1215/093811.324:ERROR:process_reader_win.cc(151)] SuspendThread: Access is denied. (0x5)
[1215/093811.324:ERROR:process_reader_win.cc(151)] SuspendThread: Access is denied. (0x5)
[1215/093811.324:ERROR:process_reader_win.cc(151)] SuspendThread: Access is denied. (0x5)
[1215/093811.324:ERROR:exception_snapshot_win.cc(99)] thread ID 19112 not found in process
[1215/093811.356:ERROR:process_reader_win.cc(151)] SuspendThread: Access is denied. (0x5)
[1215/093811.356:ERROR:process_reader_win.cc(151)] SuspendThread: Access is denied. (0x5)
[1215/093811.356:ERROR:process_reader_win.cc(151)] SuspendThread: Access is denied. (0x5)
[1215/093811.356:ERROR:process_reader_win.cc(151)] SuspendThread: Access is denied. (0x5)
[1215/093811.356:ERROR:process_reader_win.cc(151)] SuspendThread: Access is denied. (0x5)
[1215/093811.356:ERROR:process_reader_win.cc(151)] SuspendThread: Access is denied. (0x5)
[1215/093811.356:ERROR:process_reader_win.cc(151)] SuspendThread: Access is denied. (0x5)
[1215/093811.356:ERROR:process_reader_win.cc(151)] SuspendThread: Access is denied. (0x5)
[1215/093811.356:ERROR:process_reader_win.cc(151)] SuspendThread: Access is denied. (0x5)
[1215/093811.356:ERROR:process_reader_win.cc(151)] SuspendThread: Access is denied. (0x5)
[1215/093811.356:ERROR:exception_snapshot_win.cc(99)] thread ID 2300 not found in process
[1215/093811.364:ERROR:process_info.cc(329)] VirtualQueryEx: Access is denied. (0x5)
[1215/093811.364:ERROR:process_info.cc(556)] ReadMemoryInfo failed
[1215/093811.364:ERROR:scoped_process_suspend.cc(40)] NtResumeProcess: An attempt was made to access an exiting process. (0xc000010a)
[1215/093811.500:ERROR:process_info.cc(329)] VirtualQueryEx: Access is denied. (0x5)
[1215/093811.500:ERROR:process_info.cc(556)] ReadMemoryInfo failed
[1215/093811.500:ERROR:scoped_process_suspend.cc(40)] NtResumeProcess: An attempt was made to access an exiting process. (0xc000010a)
[1215/093811.524:ERROR:process_reader_win.cc(151)] SuspendThread: Access is denied. (0x5)
[1215/093811.524:ERROR:process_reader_win.cc(151)] SuspendThread: Access is denied. (0x5)
[1215/093811.524:ERROR:process_reader_win.cc(151)] SuspendThread: Access is denied. (0x5)
[1215/093811.524:ERROR:process_reader_win.cc(151)] SuspendThread: Access is denied. (0x5)
[1215/093811.524:ERROR:process_reader_win.cc(151)] SuspendThread: Access is denied. (0x5)
[1215/093811.524:ERROR:process_reader_win.cc(151)] SuspendThread: Access is denied. (0x5)
[1215/093811.532:ERROR:process_reader_win.cc(151)] SuspendThread: Access is denied. (0x5)
[1215/093811.532:ERROR:process_reader_win.cc(151)] SuspendThread: Access is denied. (0x5)
[1215/093811.532:ERROR:process_reader_win.cc(151)] SuspendThread: Access is denied. (0x5)
[1215/093811.532:ERROR:process_reader_win.cc(151)] SuspendThread: Access is denied. (0x5)
[1215/093811.532:ERROR:exception_snapshot_win.cc(99)] thread ID 1940 not found in process
[1215/093811.596:ERROR:process_reader_win.cc(151)] SuspendThread: Access is denied. (0x5)
[1215/093811.596:ERROR:process_reader_win.cc(151)] SuspendThread: Access is denied. (0x5)
[1215/093811.596:ERROR:process_reader_win.cc(151)] SuspendThread: Access is denied. (0x5)
[1215/093811.596:ERROR:process_reader_win.cc(151)] SuspendThread: Access is denied. (0x5)
[1215/093811.596:ERROR:process_reader_win.cc(151)] SuspendThread: Access is denied. (0x5)
[1215/093811.596:ERROR:process_reader_win.cc(151)] SuspendThread: Access is denied. (0x5)
[1215/093811.596:ERROR:process_reader_win.cc(151)] SuspendThread: Access is denied. (0x5)
[1215/093811.596:ERROR:process_reader_win.cc(151)] SuspendThread: Access is denied. (0x5)
[1215/093811.596:ERROR:process_reader_win.cc(151)] SuspendThread: Access is denied. (0x5)
[1215/093811.596:ERROR:process_reader_win.cc(151)] SuspendThread: Access is denied. (0x5)
[1215/093811.596:ERROR:process_reader_win.cc(151)] SuspendThread: Access is denied. (0x5)
[1215/093811.596:ERROR:exception_snapshot_win.cc(99)] thread ID 16860 not found in process
[1215/093811.724:ERROR:process_reader_win.cc(151)] SuspendThread: Access is denied. (0x5)
[1215/093811.724:ERROR:process_reader_win.cc(151)] SuspendThread: Access is denied. (0x5)
[1215/093811.724:ERROR:process_reader_win.cc(151)] SuspendThread: Access is denied. (0x5)
[1215/093811.724:ERROR:process_reader_win.cc(151)] SuspendThread: Access is denied. (0x5)
[1215/093811.724:ERROR:process_reader_win.cc(151)] SuspendThread: Access is denied. (0x5)
[1215/093811.724:ERROR:process_reader_win.cc(151)] SuspendThread: Access is denied. (0x5)
[1215/093811.724:ERROR:process_reader_win.cc(151)] SuspendThread: Access is denied. (0x5)
[1215/093811.724:ERROR:process_reader_win.cc(151)] SuspendThread: Access is denied. (0x5)
[1215/093811.724:ERROR:process_reader_win.cc(151)] SuspendThread: Access is denied. (0x5)
[1215/093811.724:ERROR:process_reader_win.cc(151)] SuspendThread: Access is denied. (0x5)
[1215/093811.724:ERROR:exception_snapshot_win.cc(99)] thread ID 17676 not found in process
